<?xml version="1.0" encoding="UTF-8"?>
<!-- Generated by org.testng.reporters.JUnitReportReporter -->
<testsuite skipped="0" hostname="GYANESH-PC" name="loggingReport.Log4jTutorial" tests="2" failures="0" timestamp="09 May 2018 19:04:19 GMT" time="27.825" errors="0">
  <testcase name="freeCRMTitleTest" time="15.319" classname="loggingReport.Log4jTutorial"/>
  <testcase name="freeCRMLogoTest" time="12.506" classname="loggingReport.Log4jTutorial"/>
</testsuite> <!-- loggingReport.Log4jTutorial -->
