<?xml version="1.0" encoding="UTF-8"?>
<!-- Generated by org.testng.reporters.JUnitReportReporter -->
<testsuite skipped="0" hostname="GYANESH-PC" name="fileupload.FileUploadTesrt" tests="1" failures="0" timestamp="25 May 2018 20:29:11 GMT" time="26.999" errors="0">
  <testcase name="testUpload" time="26.999" classname="fileupload.FileUploadTesrt"/>
</testsuite> <!-- fileupload.FileUploadTesrt -->
