<?xml version="1.0" encoding="UTF-8"?>
<!-- Generated by org.testng.reporters.JUnitReportReporter -->
<testsuite skipped="0" hostname="GYANESH-PC" name="testNGlisteners.MyFirstTestCase" tests="1" failures="0" timestamp="23 Jun 2018 17:39:09 GMT" time="71.776" errors="0">
  <testcase name="GoogleTitleVerify" time="71.776" classname="testNGlisteners.MyFirstTestCase"/>
</testsuite> <!-- testNGlisteners.MyFirstTestCase -->
