<?xml version="1.0" encoding="UTF-8"?>
<!-- Generated by org.testng.reporters.JUnitReportReporter -->
<testsuite skipped="0" hostname="GYANESH-PC" name="com.qa.crossbrowsertesting.VerifyTitle" tests="3" failures="0" timestamp="14 May 2018 18:21:35 GMT" time="26.193" errors="0">
  <testcase name="verifyTitle" time="15.208" classname="com.qa.crossbrowsertesting.VerifyTitle"/>
  <testcase name="verifyTitle" time="2.089" classname="com.qa.crossbrowsertesting.VerifyTitle"/>
  <testcase name="verifyTitle" time="8.896" classname="com.qa.crossbrowsertesting.VerifyTitle"/>
</testsuite> <!-- com.qa.crossbrowsertesting.VerifyTitle -->
