<?xml version="1.0" encoding="UTF-8"?>
<!-- Generated by org.testng.reporters.JUnitReportReporter -->
<testsuite skipped="0" hostname="GYANESH-PC" name="testNGlisteners.MyFirstTestCase" tests="1" failures="0" timestamp="15 May 2018 19:38:44 GMT" time="14.473" errors="0">
  <testcase name="GoogleTitleVerify" time="14.473" classname="testNGlisteners.MyFirstTestCase"/>
</testsuite> <!-- testNGlisteners.MyFirstTestCase -->
