<?xml version="1.0" encoding="UTF-8"?>
<!-- Generated by org.testng.reporters.JUnitReportReporter -->
<testsuite skipped="0" hostname="GYANESH-PC" name="logicInvoice.SystemClick" tests="1" failures="0" timestamp="24 May 2018 15:56:41 GMT" time="12.804" errors="0">
  <testcase name="clickOnSystem" time="12.804" classname="logicInvoice.SystemClick"/>
</testsuite> <!-- logicInvoice.SystemClick -->
