<?xml version="1.0" encoding="UTF-8"?>
<!-- Generated by org.testng.reporters.JUnitReportReporter -->
<testsuite skipped="0" hostname="GYANESH-PC" name="logicInvoice.SelectTest" tests="2" failures="0" timestamp="25 May 2018 12:26:54 GMT" time="14.923" errors="0">
  <testcase name="selectEnabled" time="8.601" classname="logicInvoice.SelectTest"/>
  <testcase name="selectDisabled" time="6.322" classname="logicInvoice.SelectTest"/>
</testsuite> <!-- logicInvoice.SelectTest -->
