<?xml version="1.0" encoding="UTF-8"?>
<!-- Generated by org.testng.reporters.JUnitReportReporter -->
<testsuite skipped="0" hostname="GYANESH-PC" name="logicInvoice.AddArtcles" tests="2" failures="0" timestamp="25 May 2018 12:48:38 GMT" time="15.991" errors="0">
  <testcase name="createArticles" time="8.678" classname="logicInvoice.AddArtcles"/>
  <testcase name="deleteArticles" time="7.313" classname="logicInvoice.AddArtcles"/>
</testsuite> <!-- logicInvoice.AddArtcles -->
